<?xml version="1.0" encoding="UTF-8" standalone="no"?>
<!DOCTYPE log SYSTEM "logger.dtd">
<log>
<record>
  <date>2019-10-25T14:49:47</date>
  <millis>1572032987779</millis>
  <sequence>0</sequence>
  <level>START</level>
  <class>com.kms.katalon.core.logging.XmlKeywordLogger</class>
  <method>startSuite</method>
  <thread>1</thread>
  <message>Start Test Suite : Test Suites/Clientes/Cliente</message>
  <nestedLevel>0</nestedLevel>
  <property name="name">Cliente</property>
  <property name="description"></property>
  <property name="id">Test Suites/Clientes/Cliente</property>
</record>
<record>
  <date>2019-10-25T14:49:47</date>
  <millis>1572032987796</millis>
  <sequence>1</sequence>
  <level>RUN_DATA</level>
  <class>com.kms.katalon.core.logging.XmlKeywordLogger</class>
  <method>logMessage</method>
  <thread>1</thread>
  <message>hostName = lsepulvedap - p-lsepulvedap.intergrupo.com</message>
  <nestedLevel>0</nestedLevel>
  <property name="hostName">lsepulvedap - p-lsepulvedap.intergrupo.com</property>
</record>
<record>
  <date>2019-10-25T14:49:47</date>
  <millis>1572032987798</millis>
  <sequence>2</sequence>
  <level>RUN_DATA</level>
  <class>com.kms.katalon.core.logging.XmlKeywordLogger</class>
  <method>logMessage</method>
  <thread>1</thread>
  <message>os = Windows 10 64bit</message>
  <nestedLevel>0</nestedLevel>
  <property name="os">Windows 10 64bit</property>
</record>
<record>
  <date>2019-10-25T14:49:47</date>
  <millis>1572032987798</millis>
  <sequence>3</sequence>
  <level>RUN_DATA</level>
  <class>com.kms.katalon.core.logging.XmlKeywordLogger</class>
  <method>logMessage</method>
  <thread>1</thread>
  <message>hostAddress = 10.0.210.14</message>
  <nestedLevel>0</nestedLevel>
  <property name="hostAddress">10.0.210.14</property>
</record>
<record>
  <date>2019-10-25T14:49:47</date>
  <millis>1572032987800</millis>
  <sequence>4</sequence>
  <level>RUN_DATA</level>
  <class>com.kms.katalon.core.logging.XmlKeywordLogger</class>
  <method>logMessage</method>
  <thread>1</thread>
  <message>katalonVersion = 6.3.3.11</message>
  <nestedLevel>0</nestedLevel>
  <property name="katalonVersion">6.3.3.11</property>
</record>
<record>
  <date>2019-10-25T14:49:48</date>
  <millis>1572032988083</millis>
  <sequence>5</sequence>
  <level>START</level>
  <class>com.kms.katalon.core.logging.XmlKeywordLogger</class>
  <method>startTest</method>
  <thread>1</thread>
  <message>Start Test Case : Test Cases/Clientes/ConsultaCliente</message>
  <nestedLevel>1</nestedLevel>
  <property name="name">Test Cases/Clientes/ConsultaCliente</property>
  <property name="description"></property>
  <property name="id">Test Cases/Clientes/ConsultaCliente</property>
  <property name="source">E:\\CAF\\Automatizacion\\CAF1\\Test Cases\\Clientes\\ConsultaCliente.tc</property>
  <property name="tag"></property>
  <property name="isOptional">false</property>
</record>
<record>
  <date>2019-10-25T14:49:48</date>
  <millis>1572032988470</millis>
  <sequence>7</sequence>
  <level>START</level>
  <class>com.kms.katalon.core.logging.XmlKeywordLogger</class>
  <method>startKeyword</method>
  <thread>1</thread>
  <message>Start action : runFeatureFile(\&amp;quot;Include/features/Clientes/ConsultarCliente.feature\&amp;quot;)</message>
  <nestedLevel>1</nestedLevel>
  <property name="startLine">17</property>
  <property name="stepIndex">1</property>
</record>
<record>
  <date>2019-10-25T14:49:48</date>
  <millis>1572032988613</millis>
  <sequence>8</sequence>
  <level>INFO</level>
  <class>com.kms.katalon.core.logging.XmlKeywordLogger</class>
  <method>logMessage</method>
  <thread>1</thread>
  <message>Starting run keyword runFeatureFile: &amp;apos;Include/features/Clientes/ConsultarCliente.feature&amp;apos; and extract report to folder: &amp;apos;E:\\CAF\\Automatizacion\\CAF1\\Reports\\20191025_144945\\Clientes\\Cliente\\20191025_144945/cucumber_report/1572032988521&amp;apos;...</message>
  <nestedLevel>1</nestedLevel>
</record>
<record>
  <date>2019-10-25T14:49:49</date>
  <millis>1572032989209</millis>
  <sequence>9</sequence>
  <level>START</level>
  <class>com.kms.katalon.core.logging.XmlKeywordLogger</class>
  <method>startTest</method>
  <thread>1</thread>
  <message>Start Test Case : SCENARIO Consultar cliente existente</message>
  <nestedLevel>2</nestedLevel>
</record>
<record>
  <date>2019-10-25T14:49:49</date>
  <millis>1572032989211</millis>
  <sequence>10</sequence>
  <level>START</level>
  <class>com.kms.katalon.core.logging.XmlKeywordLogger</class>
  <method>startKeyword</method>
  <thread>1</thread>
  <message>Start action : El usuario ingresa a la p\u00E1gina principal</message>
  <nestedLevel>2</nestedLevel>
</record>
<record>
  <date>2019-10-25T14:49:49</date>
  <millis>1572032989461</millis>
  <sequence>12</sequence>
  <level>INFO</level>
  <class>com.kms.katalon.core.logging.XmlKeywordLogger</class>
  <method>logMessage</method>
  <thread>1</thread>
  <message>Starting &amp;apos;Chrome&amp;apos; driver</message>
  <nestedLevel>2</nestedLevel>
</record>
<record>
  <date>2019-10-25T14:49:49</date>
  <millis>1572032989505</millis>
  <sequence>14</sequence>
  <level>INFO</level>
  <class>com.kms.katalon.core.logging.XmlKeywordLogger</class>
  <method>logMessage</method>
  <thread>1</thread>
  <message>Action delay is set to 0 seconds</message>
  <nestedLevel>2</nestedLevel>
</record>
<record>
  <date>2019-10-25T14:49:53</date>
  <millis>1572032993273</millis>
  <sequence>16</sequence>
  <level>RUN_DATA</level>
  <class>com.kms.katalon.core.logging.XmlKeywordLogger</class>
  <method>logMessage</method>
  <thread>1</thread>
  <message>sessionId = 2e6c211ce12e4760a8e3f6feb9579726</message>
  <nestedLevel>2</nestedLevel>
  <property name="sessionId">2e6c211ce12e4760a8e3f6feb9579726</property>
</record>
<record>
  <date>2019-10-25T14:49:53</date>
  <millis>1572032993295</millis>
  <sequence>17</sequence>
  <level>RUN_DATA</level>
  <class>com.kms.katalon.core.logging.XmlKeywordLogger</class>
  <method>logMessage</method>
  <thread>1</thread>
  <message>browser = Chrome 77.0.3865.120</message>
  <nestedLevel>2</nestedLevel>
  <property name="browser">Chrome 77.0.3865.120</property>
</record>
<record>
  <date>2019-10-25T14:49:53</date>
  <millis>1572032993296</millis>
  <sequence>18</sequence>
  <level>RUN_DATA</level>
  <class>com.kms.katalon.core.logging.XmlKeywordLogger</class>
  <method>logMessage</method>
  <thread>1</thread>
  <message>platform = Windows 10</message>
  <nestedLevel>2</nestedLevel>
  <property name="platform">Windows 10</property>
</record>
<record>
  <date>2019-10-25T14:49:53</date>
  <millis>1572032993296</millis>
  <sequence>19</sequence>
  <level>RUN_DATA</level>
  <class>com.kms.katalon.core.logging.XmlKeywordLogger</class>
  <method>logMessage</method>
  <thread>1</thread>
  <message>seleniumVersion = 3.141.59</message>
  <nestedLevel>2</nestedLevel>
  <property name="seleniumVersion">3.141.59</property>
</record>
<record>
  <date>2019-10-25T14:49:53</date>
  <millis>1572032993297</millis>
  <sequence>20</sequence>
  <level>RUN_DATA</level>
  <class>com.kms.katalon.core.logging.XmlKeywordLogger</class>
  <method>logMessage</method>
  <thread>1</thread>
  <message>proxyInformation = ProxyInformation{proxyOption=NO_PROXY, proxyServerType=HTTP, password=, proxyServerAddress=, proxyServerPort=0}</message>
  <nestedLevel>2</nestedLevel>
  <property name="proxyInformation">ProxyInformation{proxyOption=NO_PROXY, proxyServerType=HTTP, password=, proxyServerAddress=, proxyServerPort=0}</property>
</record>
<record>
  <date>2019-10-25T14:49:53</date>
  <millis>1572032993300</millis>
  <sequence>21</sequence>
  <level>PASSED</level>
  <class>com.kms.katalon.core.logging.XmlKeywordLogger</class>
  <method>logMessage</method>
  <thread>1</thread>
  <message>Browser is opened with url: &amp;apos;&amp;apos;</message>
  <nestedLevel>2</nestedLevel>
</record>
<record>
  <date>2019-10-25T14:50:02</date>
  <millis>1572033002333</millis>
  <sequence>24</sequence>
  <level>PASSED</level>
  <class>com.kms.katalon.core.logging.XmlKeywordLogger</class>
  <method>logMessage</method>
  <thread>1</thread>
  <message>Navigate to &amp;apos;http://smdessc01:4800/CAF.Tesoreria.Web/&amp;apos; successfully</message>
  <nestedLevel>2</nestedLevel>
</record>
<record>
  <date>2019-10-25T14:50:02</date>
  <millis>1572033002336</millis>
  <sequence>25</sequence>
  <level>PASSED</level>
  <class>com.kms.katalon.core.logging.XmlKeywordLogger</class>
  <method>logMessage</method>
  <thread>1</thread>
  <message>El usuario ingresa a la p\u00E1gina principal</message>
  <nestedLevel>2</nestedLevel>
</record>
<record>
  <date>2019-10-25T14:50:02</date>
  <millis>1572033002336</millis>
  <sequence>26</sequence>
  <level>END</level>
  <class>com.kms.katalon.core.logging.XmlKeywordLogger</class>
  <method>endKeyword</method>
  <thread>1</thread>
  <message>End End action : El usuario ingresa a la p\u00E1gina principal</message>
  <nestedLevel>2</nestedLevel>
</record>
<record>
  <date>2019-10-25T14:50:02</date>
  <millis>1572033002337</millis>
  <sequence>27</sequence>
  <level>START</level>
  <class>com.kms.katalon.core.logging.XmlKeywordLogger</class>
  <method>startKeyword</method>
  <thread>1</thread>
  <message>Start action : se ubica en la opci\u00F3n clientes</message>
  <nestedLevel>2</nestedLevel>
</record>
<record>
  <date>2019-10-25T14:50:03</date>
  <millis>1572033003510</millis>
  <sequence>34</sequence>
  <level>PASSED</level>
  <class>com.kms.katalon.core.logging.XmlKeywordLogger</class>
  <method>logMessage</method>
  <thread>1</thread>
  <message>Object: &amp;apos;Object Repository/Clientes/a_Clientes&amp;apos; is clicked on</message>
  <nestedLevel>2</nestedLevel>
</record>
<record>
  <date>2019-10-25T14:50:03</date>
  <millis>1572033003511</millis>
  <sequence>35</sequence>
  <level>PASSED</level>
  <class>com.kms.katalon.core.logging.XmlKeywordLogger</class>
  <method>logMessage</method>
  <thread>1</thread>
  <message>se ubica en la opci\u00F3n clientes</message>
  <nestedLevel>2</nestedLevel>
</record>
<record>
  <date>2019-10-25T14:50:03</date>
  <millis>1572033003511</millis>
  <sequence>36</sequence>
  <level>END</level>
  <class>com.kms.katalon.core.logging.XmlKeywordLogger</class>
  <method>endKeyword</method>
  <thread>1</thread>
  <message>End End action : se ubica en la opci\u00F3n clientes</message>
  <nestedLevel>2</nestedLevel>
</record>
<record>
  <date>2019-10-25T14:50:03</date>
  <millis>1572033003511</millis>
  <sequence>37</sequence>
  <level>START</level>
  <class>com.kms.katalon.core.logging.XmlKeywordLogger</class>
  <method>startKeyword</method>
  <thread>1</thread>
  <message>Start action : digita el nombre del cliente BBVA en el campo b\u00FAsqueda</message>
  <nestedLevel>2</nestedLevel>
</record>
<record>
  <date>2019-10-25T14:50:03</date>
  <millis>1572033003775</millis>
  <sequence>46</sequence>
  <level>PASSED</level>
  <class>com.kms.katalon.core.logging.XmlKeywordLogger</class>
  <method>logMessage</method>
  <thread>1</thread>
  <message>Text &amp;apos;BBVA&amp;apos; is set on object &amp;apos;Object Repository/Clientes/ConsultaCliente/input_Crear Cliente_txtBuscar&amp;apos;</message>
  <nestedLevel>2</nestedLevel>
</record>
<record>
  <date>2019-10-25T14:50:03</date>
  <millis>1572033003776</millis>
  <sequence>47</sequence>
  <level>PASSED</level>
  <class>com.kms.katalon.core.logging.XmlKeywordLogger</class>
  <method>logMessage</method>
  <thread>1</thread>
  <message>digita el nombre del cliente BBVA en el campo b\u00FAsqueda</message>
  <nestedLevel>2</nestedLevel>
</record>
<record>
  <date>2019-10-25T14:50:03</date>
  <millis>1572033003777</millis>
  <sequence>48</sequence>
  <level>END</level>
  <class>com.kms.katalon.core.logging.XmlKeywordLogger</class>
  <method>endKeyword</method>
  <thread>1</thread>
  <message>End End action : digita el nombre del cliente BBVA en el campo b\u00FAsqueda</message>
  <nestedLevel>2</nestedLevel>
</record>
<record>
  <date>2019-10-25T14:50:03</date>
  <millis>1572033003777</millis>
  <sequence>49</sequence>
  <level>START</level>
  <class>com.kms.katalon.core.logging.XmlKeywordLogger</class>
  <method>startKeyword</method>
  <thread>1</thread>
  <message>Start action : presiona la tecla enter</message>
  <nestedLevel>2</nestedLevel>
</record>
<record>
  <date>2019-10-25T14:50:03</date>
  <millis>1572033003907</millis>
  <sequence>55</sequence>
  <level>PASSED</level>
  <class>com.kms.katalon.core.logging.XmlKeywordLogger</class>
  <method>logMessage</method>
  <thread>1</thread>
  <message>Keys &amp;apos;ENTER + &amp;apos; sent to object: &amp;apos;Object Repository/Clientes/ConsultaCliente/input_Crear Cliente_txtBuscar&amp;apos;</message>
  <nestedLevel>2</nestedLevel>
</record>
<record>
  <date>2019-10-25T14:50:03</date>
  <millis>1572033003909</millis>
  <sequence>56</sequence>
  <level>PASSED</level>
  <class>com.kms.katalon.core.logging.XmlKeywordLogger</class>
  <method>logMessage</method>
  <thread>1</thread>
  <message>presiona la tecla enter</message>
  <nestedLevel>2</nestedLevel>
</record>
<record>
  <date>2019-10-25T14:50:03</date>
  <millis>1572033003909</millis>
  <sequence>57</sequence>
  <level>END</level>
  <class>com.kms.katalon.core.logging.XmlKeywordLogger</class>
  <method>endKeyword</method>
  <thread>1</thread>
  <message>End End action : presiona la tecla enter</message>
  <nestedLevel>2</nestedLevel>
</record>
<record>
  <date>2019-10-25T14:50:03</date>
  <millis>1572033003909</millis>
  <sequence>58</sequence>
  <level>START</level>
  <class>com.kms.katalon.core.logging.XmlKeywordLogger</class>
  <method>startKeyword</method>
  <thread>1</thread>
  <message>Start action : se visualiza el nombre del cliente BBVA en el resultado de la b\u00FAsqueda</message>
  <nestedLevel>2</nestedLevel>
</record>
<record>
  <date>2019-10-25T14:50:04</date>
  <millis>1572033004003</millis>
  <sequence>64</sequence>
  <level>PASSED</level>
  <class>com.kms.katalon.core.logging.XmlKeywordLogger</class>
  <method>logMessage</method>
  <thread>1</thread>
  <message>Object &amp;apos;Object Repository/Clientes/ConsultaCliente/ConsultaCliente_Existente/td_BBVCOL&amp;apos; is present</message>
  <nestedLevel>2</nestedLevel>
</record>
<record>
  <date>2019-10-25T14:50:04</date>
  <millis>1572033004675</millis>
  <sequence>66</sequence>
  <level>PASSED</level>
  <class>com.kms.katalon.core.logging.XmlKeywordLogger</class>
  <method>logMessage</method>
  <thread>1</thread>
  <message>Browser is closed</message>
  <nestedLevel>2</nestedLevel>
</record>
<record>
  <date>2019-10-25T14:50:04</date>
  <millis>1572033004677</millis>
  <sequence>67</sequence>
  <level>PASSED</level>
  <class>com.kms.katalon.core.logging.XmlKeywordLogger</class>
  <method>logMessage</method>
  <thread>1</thread>
  <message>se visualiza el nombre del cliente BBVA en el resultado de la b\u00FAsqueda</message>
  <nestedLevel>2</nestedLevel>
</record>
<record>
  <date>2019-10-25T14:50:04</date>
  <millis>1572033004678</millis>
  <sequence>68</sequence>
  <level>END</level>
  <class>com.kms.katalon.core.logging.XmlKeywordLogger</class>
  <method>endKeyword</method>
  <thread>1</thread>
  <message>End End action : se visualiza el nombre del cliente BBVA en el resultado de la b\u00FAsqueda</message>
  <nestedLevel>2</nestedLevel>
</record>
<record>
  <date>2019-10-25T14:50:04</date>
  <millis>1572033004689</millis>
  <sequence>69</sequence>
  <level>PASSED</level>
  <class>com.kms.katalon.core.logging.XmlKeywordLogger</class>
  <method>logMessage</method>
  <thread>1</thread>
  <message>SCENARIO Consultar cliente existente</message>
  <nestedLevel>2</nestedLevel>
</record>
<record>
  <date>2019-10-25T14:50:04</date>
  <millis>1572033004691</millis>
  <sequence>70</sequence>
  <level>END</level>
  <class>com.kms.katalon.core.logging.XmlKeywordLogger</class>
  <method>endTest</method>
  <thread>1</thread>
  <message>End Test Case : SCENARIO Consultar cliente existente</message>
  <nestedLevel>1</nestedLevel>
</record>
<record>
  <date>2019-10-25T14:50:04</date>
  <millis>1572033004702</millis>
  <sequence>71</sequence>
  <level>START</level>
  <class>com.kms.katalon.core.logging.XmlKeywordLogger</class>
  <method>startTest</method>
  <thread>1</thread>
  <message>Start Test Case : SCENARIO Consultar cliente no existente</message>
  <nestedLevel>2</nestedLevel>
</record>
<record>
  <date>2019-10-25T14:50:04</date>
  <millis>1572033004713</millis>
  <sequence>72</sequence>
  <level>START</level>
  <class>com.kms.katalon.core.logging.XmlKeywordLogger</class>
  <method>startKeyword</method>
  <thread>1</thread>
  <message>Start action : El usuario ingresa a la p\u00E1gina principal</message>
  <nestedLevel>2</nestedLevel>
</record>
<record>
  <date>2019-10-25T14:50:04</date>
  <millis>1572033004731</millis>
  <sequence>74</sequence>
  <level>INFO</level>
  <class>com.kms.katalon.core.logging.XmlKeywordLogger</class>
  <method>logMessage</method>
  <thread>1</thread>
  <message>Starting &amp;apos;Chrome&amp;apos; driver</message>
  <nestedLevel>2</nestedLevel>
</record>
<record>
  <date>2019-10-25T14:50:07</date>
  <millis>1572033007420</millis>
  <sequence>77</sequence>
  <level>RUN_DATA</level>
  <class>com.kms.katalon.core.logging.XmlKeywordLogger</class>
  <method>logMessage</method>
  <thread>1</thread>
  <message>sessionId = 0f052146ab54c93ab6b4bdbb95c9f944</message>
  <nestedLevel>2</nestedLevel>
  <property name="sessionId">0f052146ab54c93ab6b4bdbb95c9f944</property>
</record>
<record>
  <date>2019-10-25T14:50:07</date>
  <millis>1572033007446</millis>
  <sequence>78</sequence>
  <level>RUN_DATA</level>
  <class>com.kms.katalon.core.logging.XmlKeywordLogger</class>
  <method>logMessage</method>
  <thread>1</thread>
  <message>browser = Chrome 77.0.3865.120</message>
  <nestedLevel>2</nestedLevel>
  <property name="browser">Chrome 77.0.3865.120</property>
</record>
<record>
  <date>2019-10-25T14:50:07</date>
  <millis>1572033007446</millis>
  <sequence>79</sequence>
  <level>RUN_DATA</level>
  <class>com.kms.katalon.core.logging.XmlKeywordLogger</class>
  <method>logMessage</method>
  <thread>1</thread>
  <message>platform = Windows 10</message>
  <nestedLevel>2</nestedLevel>
  <property name="platform">Windows 10</property>
</record>
<record>
  <date>2019-10-25T14:50:07</date>
  <millis>1572033007447</millis>
  <sequence>80</sequence>
  <level>RUN_DATA</level>
  <class>com.kms.katalon.core.logging.XmlKeywordLogger</class>
  <method>logMessage</method>
  <thread>1</thread>
  <message>seleniumVersion = 3.141.59</message>
  <nestedLevel>2</nestedLevel>
  <property name="seleniumVersion">3.141.59</property>
</record>
<record>
  <date>2019-10-25T14:50:07</date>
  <millis>1572033007448</millis>
  <sequence>81</sequence>
  <level>RUN_DATA</level>
  <class>com.kms.katalon.core.logging.XmlKeywordLogger</class>
  <method>logMessage</method>
  <thread>1</thread>
  <message>proxyInformation = ProxyInformation{proxyOption=NO_PROXY, proxyServerType=HTTP, password=, proxyServerAddress=, proxyServerPort=0}</message>
  <nestedLevel>2</nestedLevel>
  <property name="proxyInformation">ProxyInformation{proxyOption=NO_PROXY, proxyServerType=HTTP, password=, proxyServerAddress=, proxyServerPort=0}</property>
</record>
<record>
  <date>2019-10-25T14:50:07</date>
  <millis>1572033007448</millis>
  <sequence>82</sequence>
  <level>PASSED</level>
  <class>com.kms.katalon.core.logging.XmlKeywordLogger</class>
  <method>logMessage</method>
  <thread>1</thread>
  <message>Browser is opened with url: &amp;apos;&amp;apos;</message>
  <nestedLevel>2</nestedLevel>
</record>
<record>
  <date>2019-10-25T14:50:13</date>
  <millis>1572033013960</millis>
  <sequence>85</sequence>
  <level>PASSED</level>
  <class>com.kms.katalon.core.logging.XmlKeywordLogger</class>
  <method>logMessage</method>
  <thread>1</thread>
  <message>Navigate to &amp;apos;http://smdessc01:4800/CAF.Tesoreria.Web/&amp;apos; successfully</message>
  <nestedLevel>2</nestedLevel>
</record>
<record>
  <date>2019-10-25T14:50:13</date>
  <millis>1572033013961</millis>
  <sequence>86</sequence>
  <level>PASSED</level>
  <class>com.kms.katalon.core.logging.XmlKeywordLogger</class>
  <method>logMessage</method>
  <thread>1</thread>
  <message>El usuario ingresa a la p\u00E1gina principal</message>
  <nestedLevel>2</nestedLevel>
</record>
<record>
  <date>2019-10-25T14:50:13</date>
  <millis>1572033013962</millis>
  <sequence>87</sequence>
  <level>END</level>
  <class>com.kms.katalon.core.logging.XmlKeywordLogger</class>
  <method>endKeyword</method>
  <thread>1</thread>
  <message>End End action : El usuario ingresa a la p\u00E1gina principal</message>
  <nestedLevel>2</nestedLevel>
</record>
<record>
  <date>2019-10-25T14:50:13</date>
  <millis>1572033013963</millis>
  <sequence>88</sequence>
  <level>START</level>
  <class>com.kms.katalon.core.logging.XmlKeywordLogger</class>
  <method>startKeyword</method>
  <thread>1</thread>
  <message>Start action : se ubica en la opci\u00F3n clientes</message>
  <nestedLevel>2</nestedLevel>
</record>
<record>
  <date>2019-10-25T14:50:15</date>
  <millis>1572033015039</millis>
  <sequence>95</sequence>
  <level>PASSED</level>
  <class>com.kms.katalon.core.logging.XmlKeywordLogger</class>
  <method>logMessage</method>
  <thread>1</thread>
  <message>Object: &amp;apos;Object Repository/Clientes/a_Clientes&amp;apos; is clicked on</message>
  <nestedLevel>2</nestedLevel>
</record>
<record>
  <date>2019-10-25T14:50:15</date>
  <millis>1572033015040</millis>
  <sequence>96</sequence>
  <level>PASSED</level>
  <class>com.kms.katalon.core.logging.XmlKeywordLogger</class>
  <method>logMessage</method>
  <thread>1</thread>
  <message>se ubica en la opci\u00F3n clientes</message>
  <nestedLevel>2</nestedLevel>
</record>
<record>
  <date>2019-10-25T14:50:15</date>
  <millis>1572033015041</millis>
  <sequence>97</sequence>
  <level>END</level>
  <class>com.kms.katalon.core.logging.XmlKeywordLogger</class>
  <method>endKeyword</method>
  <thread>1</thread>
  <message>End End action : se ubica en la opci\u00F3n clientes</message>
  <nestedLevel>2</nestedLevel>
</record>
<record>
  <date>2019-10-25T14:50:15</date>
  <millis>1572033015041</millis>
  <sequence>98</sequence>
  <level>START</level>
  <class>com.kms.katalon.core.logging.XmlKeywordLogger</class>
  <method>startKeyword</method>
  <thread>1</thread>
  <message>Start action : digita el nombre del cliente Juan en el campo b\u00FAsqueda</message>
  <nestedLevel>2</nestedLevel>
</record>
<record>
  <date>2019-10-25T14:50:15</date>
  <millis>1572033015336</millis>
  <sequence>107</sequence>
  <level>PASSED</level>
  <class>com.kms.katalon.core.logging.XmlKeywordLogger</class>
  <method>logMessage</method>
  <thread>1</thread>
  <message>Text &amp;apos;Juan&amp;apos; is set on object &amp;apos;Object Repository/Clientes/ConsultaCliente/input_Crear Cliente_txtBuscar&amp;apos;</message>
  <nestedLevel>2</nestedLevel>
</record>
<record>
  <date>2019-10-25T14:50:15</date>
  <millis>1572033015337</millis>
  <sequence>108</sequence>
  <level>PASSED</level>
  <class>com.kms.katalon.core.logging.XmlKeywordLogger</class>
  <method>logMessage</method>
  <thread>1</thread>
  <message>digita el nombre del cliente Juan en el campo b\u00FAsqueda</message>
  <nestedLevel>2</nestedLevel>
</record>
<record>
  <date>2019-10-25T14:50:15</date>
  <millis>1572033015337</millis>
  <sequence>109</sequence>
  <level>END</level>
  <class>com.kms.katalon.core.logging.XmlKeywordLogger</class>
  <method>endKeyword</method>
  <thread>1</thread>
  <message>End End action : digita el nombre del cliente Juan en el campo b\u00FAsqueda</message>
  <nestedLevel>2</nestedLevel>
</record>
<record>
  <date>2019-10-25T14:50:15</date>
  <millis>1572033015338</millis>
  <sequence>110</sequence>
  <level>START</level>
  <class>com.kms.katalon.core.logging.XmlKeywordLogger</class>
  <method>startKeyword</method>
  <thread>1</thread>
  <message>Start action : presiona la tecla enter</message>
  <nestedLevel>2</nestedLevel>
</record>
<record>
  <date>2019-10-25T14:50:15</date>
  <millis>1572033015471</millis>
  <sequence>116</sequence>
  <level>PASSED</level>
  <class>com.kms.katalon.core.logging.XmlKeywordLogger</class>
  <method>logMessage</method>
  <thread>1</thread>
  <message>Keys &amp;apos;ENTER + &amp;apos; sent to object: &amp;apos;Object Repository/Clientes/ConsultaCliente/input_Crear Cliente_txtBuscar&amp;apos;</message>
  <nestedLevel>2</nestedLevel>
</record>
<record>
  <date>2019-10-25T14:50:15</date>
  <millis>1572033015473</millis>
  <sequence>117</sequence>
  <level>PASSED</level>
  <class>com.kms.katalon.core.logging.XmlKeywordLogger</class>
  <method>logMessage</method>
  <thread>1</thread>
  <message>presiona la tecla enter</message>
  <nestedLevel>2</nestedLevel>
</record>
<record>
  <date>2019-10-25T14:50:15</date>
  <millis>1572033015474</millis>
  <sequence>118</sequence>
  <level>END</level>
  <class>com.kms.katalon.core.logging.XmlKeywordLogger</class>
  <method>endKeyword</method>
  <thread>1</thread>
  <message>End End action : presiona la tecla enter</message>
  <nestedLevel>2</nestedLevel>
</record>
<record>
  <date>2019-10-25T14:50:15</date>
  <millis>1572033015474</millis>
  <sequence>119</sequence>
  <level>START</level>
  <class>com.kms.katalon.core.logging.XmlKeywordLogger</class>
  <method>startKeyword</method>
  <thread>1</thread>
  <message>Start action : se visualiza el mensaje No hay datos.</message>
  <nestedLevel>2</nestedLevel>
</record>
<record>
  <date>2019-10-25T14:50:16</date>
  <millis>1572033016104</millis>
  <sequence>125</sequence>
  <level>PASSED</level>
  <class>com.kms.katalon.core.logging.XmlKeywordLogger</class>
  <method>logMessage</method>
  <thread>1</thread>
  <message>Object &amp;apos;Object Repository/Clientes/ConsultaCliente/ConsultaCliente_NoExitoso/span_No hay datos&amp;apos; is present</message>
  <nestedLevel>2</nestedLevel>
</record>
<record>
  <date>2019-10-25T14:50:16</date>
  <millis>1572033016812</millis>
  <sequence>127</sequence>
  <level>PASSED</level>
  <class>com.kms.katalon.core.logging.XmlKeywordLogger</class>
  <method>logMessage</method>
  <thread>1</thread>
  <message>Browser is closed</message>
  <nestedLevel>2</nestedLevel>
</record>
<record>
  <date>2019-10-25T14:50:16</date>
  <millis>1572033016813</millis>
  <sequence>128</sequence>
  <level>PASSED</level>
  <class>com.kms.katalon.core.logging.XmlKeywordLogger</class>
  <method>logMessage</method>
  <thread>1</thread>
  <message>se visualiza el mensaje No hay datos.</message>
  <nestedLevel>2</nestedLevel>
</record>
<record>
  <date>2019-10-25T14:50:16</date>
  <millis>1572033016813</millis>
  <sequence>129</sequence>
  <level>END</level>
  <class>com.kms.katalon.core.logging.XmlKeywordLogger</class>
  <method>endKeyword</method>
  <thread>1</thread>
  <message>End End action : se visualiza el mensaje No hay datos.</message>
  <nestedLevel>2</nestedLevel>
</record>
<record>
  <date>2019-10-25T14:50:16</date>
  <millis>1572033016814</millis>
  <sequence>130</sequence>
  <level>PASSED</level>
  <class>com.kms.katalon.core.logging.XmlKeywordLogger</class>
  <method>logMessage</method>
  <thread>1</thread>
  <message>SCENARIO Consultar cliente no existente</message>
  <nestedLevel>2</nestedLevel>
</record>
<record>
  <date>2019-10-25T14:50:16</date>
  <millis>1572033016816</millis>
  <sequence>131</sequence>
  <level>END</level>
  <class>com.kms.katalon.core.logging.XmlKeywordLogger</class>
  <method>endTest</method>
  <thread>1</thread>
  <message>End Test Case : SCENARIO Consultar cliente no existente</message>
  <nestedLevel>1</nestedLevel>
</record>
<record>
  <date>2019-10-25T14:50:16</date>
  <millis>1572033016883</millis>
  <sequence>132</sequence>
  <level>PASSED</level>
  <class>com.kms.katalon.core.logging.XmlKeywordLogger</class>
  <method>logMessage</method>
  <thread>1</thread>
  <message>Feature file: &amp;apos;Include/features/Clientes/ConsultarCliente.feature&amp;apos; was passed</message>
  <nestedLevel>1</nestedLevel>
</record>
<record>
  <date>2019-10-25T14:50:16</date>
  <millis>1572033016883</millis>
  <sequence>133</sequence>
  <level>END</level>
  <class>com.kms.katalon.core.logging.XmlKeywordLogger</class>
  <method>endKeyword</method>
  <thread>1</thread>
  <message>End action : runFeatureFile(\&amp;quot;Include/features/Clientes/ConsultarCliente.feature\&amp;quot;)</message>
  <nestedLevel>1</nestedLevel>
</record>
<record>
  <date>2019-10-25T14:50:16</date>
  <millis>1572033016883</millis>
  <sequence>134</sequence>
  <level>PASSED</level>
  <class>com.kms.katalon.core.logging.XmlKeywordLogger</class>
  <method>logMessage</method>
  <thread>1</thread>
  <message>Test Cases/Clientes/ConsultaCliente</message>
  <nestedLevel>1</nestedLevel>
</record>
<record>
  <date>2019-10-25T14:50:16</date>
  <millis>1572033016884</millis>
  <sequence>135</sequence>
  <level>END</level>
  <class>com.kms.katalon.core.logging.XmlKeywordLogger</class>
  <method>endTest</method>
  <thread>1</thread>
  <message>End Test Case : Test Cases/Clientes/ConsultaCliente</message>
  <nestedLevel>0</nestedLevel>
</record>
<record>
  <date>2019-10-25T14:50:16</date>
  <millis>1572033016923</millis>
  <sequence>136</sequence>
  <level>END</level>
  <class>com.kms.katalon.core.logging.XmlKeywordLogger</class>
  <method>endSuite</method>
  <thread>1</thread>
  <message>End Test Suite : Test Suites/Clientes/Cliente</message>
  <nestedLevel>0</nestedLevel>
</record>
</log>
